<?xml version="1.0" encoding="UTF-8"?>
<testsuite xmlns:xsi="http://www.w3.org/2001/XMLSchema-instance" xsi:noNamespaceSchemaLocation="https://maven.apache.org/surefire/maven-surefire-plugin/xsd/surefire-test-report.xsd" name="com.superdupermarkt.AppTest" time="0.122" tests="1" errors="0" skipped="0" failures="0">
  <properties>
    <property name="java.specification.version" value="17"/>
    <property name="sun.cpu.isalist" value="amd64"/>
    <property name="sun.jnu.encoding" value="Cp1252"/>
    <property name="java.class.path" value="C:\Users\nicola.schulze\Documents\java\new\SuperDuperMarktApp\SuperDuperMarkt-import\target\test-classes;C:\Users\nicola.schulze\Documents\java\new\SuperDuperMarktApp\SuperDuperMarkt-import\target\classes;C:\Users\nicola.schulze\.m2\repository\junit\junit\4.11\junit-4.11.jar;C:\Users\nicola.schulze\.m2\repository\org\hamcrest\hamcrest-core\1.3\hamcrest-core-1.3.jar;C:\Users\nicola.schulze\Documents\java\new\SuperDuperMarktApp\SuperDuperMarkt-product\target\SuperDuperMarkt-product-1.0-SNAPSHOT.jar;C:\Users\nicola.schulze\.m2\repository\com\opencsv\opencsv\4.1\opencsv-4.1.jar;C:\Users\nicola.schulze\.m2\repository\org\apache\commons\commons-lang3\3.6\commons-lang3-3.6.jar;C:\Users\nicola.schulze\.m2\repository\org\apache\commons\commons-text\1.1\commons-text-1.1.jar;C:\Users\nicola.schulze\.m2\repository\commons-beanutils\commons-beanutils\1.9.3\commons-beanutils-1.9.3.jar;C:\Users\nicola.schulze\.m2\repository\commons-logging\commons-logging\1.2\commons-logging-1.2.jar;C:\Users\nicola.schulze\.m2\repository\commons-collections\commons-collections\3.2.2\commons-collections-3.2.2.jar;"/>
    <property name="java.vm.vendor" value="Amazon.com Inc."/>
    <property name="sun.arch.data.model" value="64"/>
    <property name="user.variant" value=""/>
    <property name="java.vendor.url" value="https://aws.amazon.com/corretto/"/>
    <property name="user.timezone" value="Europe/Berlin"/>
    <property name="os.name" value="Windows 10"/>
    <property name="java.vm.specification.version" value="17"/>
    <property name="sun.java.launcher" value="SUN_STANDARD"/>
    <property name="user.country" value="DE"/>
    <property name="sun.boot.library.path" value="C:\Program Files\Amazon Corretto\jdk17.0.8_8\bin"/>
    <property name="sun.java.command" value="C:\Users\NICOLA~1.SCH\AppData\Local\Temp\surefire6160623100148258931\surefirebooter5101290210786780476.jar C:\Users\nicola.schulze\AppData\Local\Temp\surefire6160623100148258931 2023-09-29T09-31-28_837-jvmRun1 surefire635375225884720595tmp surefire_11954354584174276552tmp"/>
    <property name="jdk.debug" value="release"/>
    <property name="surefire.test.class.path" value="C:\Users\nicola.schulze\Documents\java\new\SuperDuperMarktApp\SuperDuperMarkt-import\target\test-classes;C:\Users\nicola.schulze\Documents\java\new\SuperDuperMarktApp\SuperDuperMarkt-import\target\classes;C:\Users\nicola.schulze\.m2\repository\junit\junit\4.11\junit-4.11.jar;C:\Users\nicola.schulze\.m2\repository\org\hamcrest\hamcrest-core\1.3\hamcrest-core-1.3.jar;C:\Users\nicola.schulze\Documents\java\new\SuperDuperMarktApp\SuperDuperMarkt-product\target\SuperDuperMarkt-product-1.0-SNAPSHOT.jar;C:\Users\nicola.schulze\.m2\repository\com\opencsv\opencsv\4.1\opencsv-4.1.jar;C:\Users\nicola.schulze\.m2\repository\org\apache\commons\commons-lang3\3.6\commons-lang3-3.6.jar;C:\Users\nicola.schulze\.m2\repository\org\apache\commons\commons-text\1.1\commons-text-1.1.jar;C:\Users\nicola.schulze\.m2\repository\commons-beanutils\commons-beanutils\1.9.3\commons-beanutils-1.9.3.jar;C:\Users\nicola.schulze\.m2\repository\commons-logging\commons-logging\1.2\commons-logging-1.2.jar;C:\Users\nicola.schulze\.m2\repository\commons-collections\commons-collections\3.2.2\commons-collections-3.2.2.jar;"/>
    <property name="sun.cpu.endian" value="little"/>
    <property name="user.home" value="C:\Users\nicola.schulze"/>
    <property name="user.language" value="de"/>
    <property name="java.specification.vendor" value="Oracle Corporation"/>
    <property name="java.version.date" value="2023-08-22"/>
    <property name="java.home" value="C:\Program Files\Amazon Corretto\jdk17.0.8_8"/>
    <property name="file.separator" value="\"/>
    <property name="basedir" value="C:\Users\nicola.schulze\Documents\java\new\SuperDuperMarktApp\SuperDuperMarkt-import"/>
    <property name="java.vm.compressedOopsMode" value="Zero based"/>
    <property name="line.separator" value="&#10;"/>
    <property name="java.vm.specification.vendor" value="Oracle Corporation"/>
    <property name="java.specification.name" value="Java Platform API Specification"/>
    <property name="surefire.real.class.path" value="C:\Users\NICOLA~1.SCH\AppData\Local\Temp\surefire6160623100148258931\surefirebooter5101290210786780476.jar"/>
    <property name="user.script" value=""/>
    <property name="sun.management.compiler" value="HotSpot 64-Bit Tiered Compilers"/>
    <property name="java.runtime.version" value="17.0.8.1+8-LTS"/>
    <property name="user.name" value="nicola.schulze"/>
    <property name="path.separator" value=";"/>
    <property name="os.version" value="10.0"/>
    <property name="java.runtime.name" value="OpenJDK Runtime Environment"/>
    <property name="file.encoding" value="Cp1252"/>
    <property name="java.vm.name" value="OpenJDK 64-Bit Server VM"/>
    <property name="java.vendor.version" value="Corretto-17.0.8.8.1"/>
    <property name="localRepository" value="C:\Users\nicola.schulze\.m2\repository"/>
    <property name="java.vendor.url.bug" value="https://github.com/corretto/corretto-17/issues/"/>
    <property name="java.io.tmpdir" value="C:\Users\NICOLA~1.SCH\AppData\Local\Temp\"/>
    <property name="java.version" value="17.0.8.1"/>
    <property name="user.dir" value="C:\Users\nicola.schulze\Documents\java\new\SuperDuperMarktApp\SuperDuperMarkt-import"/>
    <property name="os.arch" value="amd64"/>
    <property name="java.vm.specification.name" value="Java Virtual Machine Specification"/>
    <property name="sun.os.patch.level" value=""/>
    <property name="native.encoding" value="Cp1252"/>
    <property name="java.library.path" value="C:\Program Files\Amazon Corretto\jdk17.0.8_8\bin;C:\Windows\Sun\Java\bin;C:\Windows\system32;C:\Windows;W:\bin;C:\Program Files\Git\mingw64\bin;C:\Program Files\Git\usr\local\bin;C:\Program Files\Git\usr\bin;C:\Program Files\Git\usr\bin;C:\Program Files\Git\mingw64\bin;C:\Program Files\Git\usr\bin;W:\bin;C:\Program Files\Amazon Corretto\jdk17.0.8_8\bin;C:\Windows\system32;C:\Windows;C:\Windows\System32\Wbem;C:\Windows\System32\WindowsPowerShell\v1.0;C:\Windows\System32\OpenSSH;C:\Program Files\dotnet;C:\Program Files\Git\cmd;C:\Program Files\Docker\Docker\resources\bin;C:\php;C:\ProgramData\ComposerSetup\bin;C:\Program Files\apache-maven-3.9.4\bin;C:\Users\nicola.schulze\AppData\Local\Microsoft\WindowsApps;C:\Users\nicola.schulze\AppData\Local\Programs\Microsoft VS Code\bin;C:\Users\nicola.schulze\AppData\Roaming\Composer\vendor\bin;C:\Program Files\apache-maven-3.9.4\bin;C:\Program Files\Git\usr\bin\vendor_perl;C:\Program Files\Git\usr\bin\core_perl;."/>
    <property name="java.vm.info" value="mixed mode, sharing"/>
    <property name="java.vendor" value="Amazon.com Inc."/>
    <property name="java.vm.version" value="17.0.8.1+8-LTS"/>
    <property name="sun.io.unicode.encoding" value="UnicodeLittle"/>
    <property name="java.class.version" value="61.0"/>
  </properties>
  <testcase name="shouldAnswerWithTrue" classname="com.superdupermarkt.AppTest" time="0.001"/>
</testsuite>